\BOOKMARK [0][-]{chapter.1}{Introduction}{}% 1
\BOOKMARK [1][-]{section.1.1}{Background}{chapter.1}% 2
\BOOKMARK [1][-]{section.1.2}{Challenges in Code Offloading}{chapter.1}% 3
\BOOKMARK [1][-]{section.1.3}{Contributions}{chapter.1}% 4
\BOOKMARK [1][-]{section.1.4}{Outline}{chapter.1}% 5
\BOOKMARK [0][-]{chapter.2}{Prior Works in Offloading Domain}{}% 6
\BOOKMARK [0][-]{chapter.3}{Overview of Machine Learning Techniques used for Offloading Engine}{}% 7
\BOOKMARK [1][-]{section.3.1}{Reinforcement Learning\(RL\)}{chapter.3}% 8
\BOOKMARK [1][-]{section.3.2}{Reinforcement Learning \(RL\) with Neural Network \(NN\)}{chapter.3}% 9
\BOOKMARK [1][-]{section.3.3}{Fuzzy Logic}{chapter.3}% 10
\BOOKMARK [1][-]{section.3.4}{Linear Discriminant Analysis \(LDA\)}{chapter.3}% 11
\BOOKMARK [1][-]{section.3.5}{Linear Logistic Regression}{chapter.3}% 12
\BOOKMARK [0][-]{chapter.4}{Application Oriented Study of Offloading}{}% 13
\BOOKMARK [1][-]{section.4.1}{Matrix Operations}{chapter.4}% 14
\BOOKMARK [1][-]{section.4.2}{Internet Browsers}{chapter.4}% 15
\BOOKMARK [1][-]{section.4.3}{Zipper}{chapter.4}% 16
\BOOKMARK [1][-]{section.4.4}{Voice Recognition and Translation}{chapter.4}% 17
\BOOKMARK [1][-]{section.4.5}{Torrents}{chapter.4}% 18
\BOOKMARK [1][-]{section.4.6}{Findings:}{chapter.4}% 19
\BOOKMARK [0][-]{chapter.5}{Smart Offloading Decision Engines to Choose between Availble networks and Counter Network Inconsistency}{}% 20
\BOOKMARK [1][-]{section.5.1}{Need to choose right network while Offloading}{chapter.5}% 21
\BOOKMARK [1][-]{section.5.2}{Reinforcement Learning\(RL\) Decision Engine}{chapter.5}% 22
\BOOKMARK [2][-]{section*.15}{State-Action Value Function}{section.5.2}% 23
\BOOKMARK [1][-]{section.5.3}{RL with Neural Network}{chapter.5}% 24
\BOOKMARK [0][-]{chapter.6}{Prior Related Works}{}% 25
\BOOKMARK [1][-]{section.6.1}{Fuzzy Logic Decision Engine}{chapter.6}% 26
\BOOKMARK [1][-]{section.6.2}{Problem with this approach}{chapter.6}% 27
\BOOKMARK [1][-]{section.6.3}{Smartphone Energizer \(SE\) }{chapter.6}% 28
\BOOKMARK [1][-]{section.6.4}{Our work in comparison to the previous works}{chapter.6}% 29
\BOOKMARK [0][-]{chapter.7}{Conclusion and Future Work}{}% 30
